<?xml version="1.0" encoding="UTF-8"?>
<testsuite xmlns:xsi="http://www.w3.org/2001/XMLSchema-instance" xsi:noNamespaceSchemaLocation="https://maven.apache.org/surefire/maven-surefire-plugin/xsd/surefire-test-report.xsd" name="org.jboss.as.quickstarts.wshelloworld.ClientTest" time="0.211" tests="3" errors="0" skipped="3" failures="0">
  <properties>
[...]
</properties>
  <testcase name="testHello" classname="org.jboss.as.quickstarts.wshelloworld.ClientTest" time="0">
    <skipped message="got: &lt;false&gt;, expected: is &lt;true&gt;"/>
    <system-out><![CDATA[WSDL Deployment URL: http://localhost:8080/helloworld-ws/HelloWorldService?wsdl
]]></system-out>
  </testcase>
  <testcase name="testHelloName" classname="org.jboss.as.quickstarts.wshelloworld.ClientTest" time="0">
    <skipped message="got: &lt;false&gt;, expected: is &lt;true&gt;"/>
  </testcase>
  <testcase name="testHelloNames" classname="org.jboss.as.quickstarts.wshelloworld.ClientTest" time="0">
    <skipped message="got: &lt;false&gt;, expected: is &lt;true&gt;"/>
  </testcase>
</testsuite>